werkzeug - 2020-11-10 01:28:00,097 - INFO -  * Running on http://62.171.188.29:5150/ (Press CTRL+C to quit)
werkzeug - 2020-11-10 01:28:11,883 - INFO - 151.29.48.95 - - [10/Nov/2020 01:28:11] "[37mOPTIONS /socialdelivery/api/v1.0/authenticate HTTP/1.1[0m" 200 -
werkzeug - 2020-11-10 01:28:11,959 - INFO - 151.29.48.95 - - [10/Nov/2020 01:28:11] "[37mPOST /socialdelivery/api/v1.0/authenticate HTTP/1.1[0m" 200 -
werkzeug - 2020-11-10 01:28:12,092 - INFO - 151.29.48.95 - - [10/Nov/2020 01:28:12] "[37mOPTIONS /socialdelivery/api/v1.0/deliverepisode HTTP/1.1[0m" 200 -
instabot version: 0.117.0 - 2020-11-10 01:28:12,185 - INFO - Instabot version: 0.117.0 Started
instabot version: 0.117.0 - 2020-11-10 01:28:12,185 - DEBUG - Bot imported from /home/alessandro/SocialsDelivery/venv/lib/python3.8/site-packages/instabot/bot/bot.py
instabot version: 0.117.0 - 2020-11-10 01:28:12,186 - DEBUG - Loading uuids
instabot version: 0.117.0 - 2020-11-10 01:28:12,186 - INFO - Recovery from /home/alessandro/SocialsDelivery/config/pointerpodcast_uuid_and_cookie.json: COOKIE False - UUIDs True - TIMING, DEVICE and ...
- user-agent=Instagram 117.0.0.28.123 Android (28/9.0; 420dpi; 1080x1920; OnePlus; ONEPLUS A3003; OnePlus3; qcom; en_US; 180322800)
- phone_id=bfa516aa-2ebe-421e-89fe-b0034df92ea3
- uuid=69483143-810b-43bd-8cb5-85858a1a6216
- client_session_id=345b88c2-734a-4ab9-be0e-5bcea5f13d19
- device_id=android-3a990627032d92c4
instabot version: 0.117.0 - 2020-11-10 01:28:12,186 - INFO - Not yet logged in starting: PRE-LOGIN FLOW!
instabot version: 0.117.0 - 2020-11-10 01:28:12,379 - DEBUG - POST to endpoint: accounts/get_prefill_candidates/ returned response: <Response [200]>
instabot version: 0.117.0 - 2020-11-10 01:28:12,545 - DEBUG - POST to endpoint: qe/sync/ returned response: <Response [200]>
instabot version: 0.117.0 - 2020-11-10 01:28:12,693 - DEBUG - POST to endpoint: launcher/sync/ returned response: <Response [200]>
instabot version: 0.117.0 - 2020-11-10 01:28:12,854 - DEBUG - POST to endpoint: accounts/contact_point_prefill/ returned response: <Response [200]>
instabot version: 0.117.0 - 2020-11-10 01:28:15,111 - DEBUG - POST to endpoint: accounts/login/ returned response: <Response [200]>
instabot version: 0.117.0 - 2020-11-10 01:28:15,111 - INFO - Logged-in successfully as 'pointerpodcast'!
instabot version: 0.117.0 - 2020-11-10 01:28:15,111 - INFO - LOGIN FLOW! Just logged-in: True
instabot version: 0.117.0 - 2020-11-10 01:28:15,339 - DEBUG - POST to endpoint: qe/sync/ returned response: <Response [200]>
instabot version: 0.117.0 - 2020-11-10 01:28:15,530 - DEBUG - POST to endpoint: launcher/sync/ returned response: <Response [200]>
instabot version: 0.117.0 - 2020-11-10 01:28:15,704 - DEBUG - GET to endpoint: zr/token/result/?device_id=android-3a990627032d92c4&token_hash=&custom_device_id=android-3a990627032d92c4&fetch_reason=token_expired returned response: <Response [200]>
instabot version: 0.117.0 - 2020-11-10 01:28:15,883 - DEBUG - GET to endpoint: multiple_accounts/get_account_family/ returned response: <Response [200]>
instabot version: 0.117.0 - 2020-11-10 01:28:16,078 - DEBUG - POST to endpoint: qe/sync/ returned response: <Response [200]>
instabot version: 0.117.0 - 2020-11-10 01:28:16,627 - DEBUG - GET to endpoint: igtv/browse_feed/?prefetch=1 returned response: <Response [200]>
instabot version: 0.117.0 - 2020-11-10 01:28:16,810 - DEBUG - POST to endpoint: creatives/ar_class/ returned response: <Response [200]>
instabot version: 0.117.0 - 2020-11-10 01:28:17,143 - DEBUG - POST to endpoint: feed/reels_tray/ returned response: <Response [200]>
instabot version: 0.117.0 - 2020-11-10 01:28:18,738 - DEBUG - POST to endpoint: feed/timeline/ returned response: <Response [200]>
instabot version: 0.117.0 - 2020-11-10 01:28:18,936 - DEBUG - GET to endpoint: media/blocked/ returned response: <Response [200]>
instabot version: 0.117.0 - 2020-11-10 01:28:19,513 - DEBUG - GET to endpoint: news/inbox/ returned response: <Response [200]>
instabot version: 0.117.0 - 2020-11-10 01:28:19,711 - DEBUG - GET to endpoint: loom/fetch_config/ returned response: <Response [200]>
instabot version: 0.117.0 - 2020-11-10 01:28:20,027 - DEBUG - GET to endpoint: scores/bootstrap/users/?surfaces=["autocomplete_user_list","coefficient_besties_list_ranking","coefficient_rank_recipient_user_suggestion","coefficient_ios_section_test_bootstrap_ranking","coefficient_direct_recipients_ranking_variant_2"] returned response: <Response [200]>
instabot version: 0.117.0 - 2020-11-10 01:28:20,216 - DEBUG - GET to endpoint: business/eligibility/get_monetization_products_eligibility_data/?product_types=branded_content returned response: <Response [200]>
instabot version: 0.117.0 - 2020-11-10 01:28:20,405 - DEBUG - GET to endpoint: business/branded_content/should_require_professional_account/ returned response: <Response [200]>
instabot version: 0.117.0 - 2020-11-10 01:28:20,920 - DEBUG - GET to endpoint: linked_accounts/get_linkage_status/ returned response: <Response [200]>
instabot version: 0.117.0 - 2020-11-10 01:28:21,104 - DEBUG - GET to endpoint: locations/request_country/ returned response: <Response [200]>
instabot version: 0.117.0 - 2020-11-10 01:28:21,282 - DEBUG - GET to endpoint: qp/get_cooldowns/?signed_body=signed_body=4b9c516a5410a3bc128e09c6104a7f042146b9c2023870560c63a43a7f66781c.4&ig_sig_key_version=4&ig_sig_key_version=4 returned response: <Response [200]>
instabot version: 0.117.0 - 2020-11-10 01:28:21,469 - DEBUG - GET to endpoint: users/arlink_download_info/?version_override=2.2.1 returned response: <Response [200]>
instabot version: 0.117.0 - 2020-11-10 01:28:22,046 - DEBUG - GET to endpoint: users/13629439568/info/ returned response: <Response [200]>
instabot version: 0.117.0 - 2020-11-10 01:28:22,615 - DEBUG - GET to endpoint: direct_v2/get_presence/ returned response: <Response [200]>
instabot version: 0.117.0 - 2020-11-10 01:28:24,105 - DEBUG - GET to endpoint: direct_v2/inbox/?visual_message_return_type=unseen&thread_message_limit=10&persistentBadging=true&limit=20 returned response: <Response [200]>
instabot version: 0.117.0 - 2020-11-10 01:28:24,519 - DEBUG - GET to endpoint: direct_v2/inbox/?visual_message_return_type=unseen&persistentBadging=true&limit=0 returned response: <Response [200]>
instabot version: 0.117.0 - 2020-11-10 01:28:24,863 - DEBUG - GET to endpoint: discover/topical_explore/?is_prefetch=true&omit_cover_media=true&use_sectional_payload=true&timezone_offset=0&session_id=345b88c2-734a-4ab9-be0e-5bcea5f13d19&include_fixed_destinations=true returned response: <Response [200]>
instabot version: 0.117.0 - 2020-11-10 01:28:25,054 - DEBUG - POST to endpoint: notifications/badge/ returned response: <Response [200]>
instabot version: 0.117.0 - 2020-11-10 01:28:25,320 - DEBUG - POST to endpoint: qp/batch_fetch/ returned response: <Response [200]>
instabot version: 0.117.0 - 2020-11-10 01:28:25,321 - DEBUG - Loading Checkpoint file from: /home/alessandro/SocialsDelivery/config/pointerpodcast.checkpoint
instabot version: 0.117.0 - 2020-11-10 01:28:49,962 - DEBUG - POST to endpoint: media/configure/? returned response: <Response [200]>
instabot version: 0.117.0 - 2020-11-10 01:28:50,129 - DEBUG - POST to endpoint: qe/expose/ returned response: <Response [200]>
instabot version: 0.117.0 - 2020-11-10 01:28:50,129 - INFO - Photo '/home/alessandro/SocialsDelivery/episodes/0/cover_0.jpg' is uploaded.
werkzeug - 2020-11-10 01:28:52,718 - INFO - 151.29.48.95 - - [10/Nov/2020 01:28:52] "[37mPOST /socialdelivery/api/v1.0/deliverepisode HTTP/1.1[0m" 200 -
instabot version: 0.117.0 - 2020-11-10 01:44:13,612 - DEBUG - Saving Checkpoint file to: /home/alessandro/SocialsDelivery/config/pointerpodcast.checkpoint
instabot version: 0.117.0 - 2020-11-10 01:44:13,614 - INFO - Total requests: 37
werkzeug - 2020-11-10 01:44:18,875 - INFO -  * Running on http://62.171.188.29:5150/ (Press CTRL+C to quit)
