2020-10-28 20:23:36,384 - instabot version: 0.117.0 (bot) - INFO - Instabot version: 0.117.0 Started
2020-10-28 20:23:36,384 - instabot version: 0.117.0 (bot) - DEBUG - Bot imported from /home/alessandro/Github/SocialsDelivery/venv/lib/python3.8/site-packages/instabot/bot/bot.py
2020-10-28 20:23:36,385 - instabot version: 0.117.0 (api_login) - DEBUG - Loading cookies
2020-10-28 20:23:36,385 - instabot version: 0.117.0 (api_login) - DEBUG - Loading uuids
2020-10-28 20:23:36,385 - instabot version: 0.117.0 (api_login) - INFO - Recovery from /home/alessandro/Github/SocialsDelivery/config/pointerpodcast_uuid_and_cookie.json: COOKIE True - UUIDs True - TIMING, DEVICE and ...
- user-agent=Instagram 117.0.0.28.123 Android (28/9.0; 420dpi; 1080x1920; OnePlus; ONEPLUS A3003; OnePlus3; qcom; en_US; 180322800)
- phone_id=5930219e-2058-40c6-bd5e-89d1b3c4574d
- uuid=b633e0f3-e3bb-409c-8390-c7fe50a8f211
- client_session_id=2b949aa8-f6a0-4a81-861c-e531446825e3
- device_id=android-3a990627032d92c4
2020-10-28 20:23:36,385 - instabot version: 0.117.0 (api_login) - INFO - LOGIN FLOW! Just logged-in: False
2020-10-28 20:23:37,393 - instabot version: 0.117.0 (api) - DEBUG - POST to endpoint: feed/timeline/ returned response: <Response [200]>
2020-10-28 20:23:37,855 - instabot version: 0.117.0 (api) - DEBUG - POST to endpoint: feed/reels_tray/ returned response: <Response [200]>
2020-10-28 20:23:38,137 - instabot version: 0.117.0 (api) - DEBUG - POST to endpoint: direct_v2/ranked_recipients/ returned response: <Response [200]>
2020-10-28 20:23:38,393 - instabot version: 0.117.0 (api) - DEBUG - POST to endpoint: direct_v2/ranked_recipients/ returned response: <Response [200]>
2020-10-28 20:23:39,437 - instabot version: 0.117.0 (api) - DEBUG - POST to endpoint: direct_v2/inbox/ returned response: <Response [200]>
2020-10-28 20:23:39,869 - instabot version: 0.117.0 (api) - DEBUG - GET to endpoint: direct_v2/get_presence/ returned response: <Response [200]>
2020-10-28 20:23:41,249 - instabot version: 0.117.0 (api) - DEBUG - GET to endpoint: news/inbox/?limited_activity=true&show_su=true returned response: <Response [200]>
2020-10-28 20:23:41,541 - instabot version: 0.117.0 (api) - DEBUG - GET to endpoint: users/profile_notice/ returned response: <Response [200]>
2020-10-28 20:23:41,822 - instabot version: 0.117.0 (api) - DEBUG - POST to endpoint: discover/explore/ returned response: <Response [200]>
2020-10-28 20:23:41,828 - instabot version: 0.117.0 (api) - INFO - Logged-in successfully as 'pointerpodcast'!
2020-10-28 20:23:41,828 - instabot version: 0.117.0 (bot_checkpoint) - DEBUG - Loading Checkpoint file from: /home/alessandro/Github/SocialsDelivery/config/pointerpodcast.checkpoint
2020-10-28 20:23:41,830 - instabot version: 0.117.0 (bot_checkpoint) - DEBUG - Saving Checkpoint file to: /home/alessandro/Github/SocialsDelivery/config/pointerpodcast.checkpoint
2020-10-28 20:23:41,831 - instabot version: 0.117.0 (bot) - INFO - Total requests: 35
