2020-11-02 18:35:57,893 - instabot version: 0.117.0 (bot) - INFO - Instabot version: 0.117.0 Started
2020-11-02 18:35:57,893 - instabot version: 0.117.0 (bot) - DEBUG - Bot imported from /home/alessandro/Github/SocialsDelivery/venv/lib/python3.8/site-packages/instabot/bot/bot.py
2020-11-02 18:35:57,894 - instabot version: 0.117.0 (api_login) - DEBUG - Loading cookies
2020-11-02 18:35:57,894 - instabot version: 0.117.0 (api_login) - DEBUG - Loading uuids
2020-11-02 18:35:57,894 - instabot version: 0.117.0 (api_login) - INFO - Recovery from /home/alessandro/Github/SocialsDelivery/config/pointerpodcast_uuid_and_cookie.json: COOKIE True - UUIDs True - TIMING, DEVICE and ...
- user-agent=Instagram 117.0.0.28.123 Android (28/9.0; 420dpi; 1080x1920; OnePlus; ONEPLUS A3003; OnePlus3; qcom; en_US; 180322800)
- phone_id=5930219e-2058-40c6-bd5e-89d1b3c4574d
- uuid=b633e0f3-e3bb-409c-8390-c7fe50a8f211
- client_session_id=23c92769-a2db-42a9-88fa-9c2a0c438ed3
- device_id=android-3a990627032d92c4
2020-11-02 18:35:57,894 - instabot version: 0.117.0 (api_login) - INFO - LOGIN FLOW! Just logged-in: False
2020-11-02 18:35:59,644 - instabot version: 0.117.0 (api) - DEBUG - POST to endpoint: feed/timeline/ returned response: <Response [200]>
2020-11-02 18:36:00,078 - instabot version: 0.117.0 (api) - DEBUG - POST to endpoint: feed/reels_tray/ returned response: <Response [200]>
2020-11-02 18:36:00,078 - instabot version: 0.117.0 (api) - INFO - Logged-in successfully as 'pointerpodcast'!
2020-11-02 18:36:00,078 - instabot version: 0.117.0 (bot_checkpoint) - DEBUG - Loading Checkpoint file from: /home/alessandro/Github/SocialsDelivery/config/pointerpodcast.checkpoint
2020-11-02 18:36:34,061 - instabot version: 0.117.0 (api) - DEBUG - POST to endpoint: media/configure/? returned response: <Response [200]>
2020-11-02 18:36:34,326 - instabot version: 0.117.0 (api) - DEBUG - POST to endpoint: qe/expose/ returned response: <Response [200]>
2020-11-02 18:36:34,326 - instabot version: 0.117.0 (bot_photo) - INFO - Photo 'episodes/26/cover_26.jpg' is uploaded.
2020-11-02 18:48:32,604 - instabot version: 0.117.0 (bot_checkpoint) - DEBUG - Saving Checkpoint file to: /home/alessandro/Github/SocialsDelivery/config/pointerpodcast.checkpoint
2020-11-02 18:48:32,606 - instabot version: 0.117.0 (bot) - INFO - Total requests: 57
