2020-11-03 02:08:13,119 - instabot version: 0.117.0 (bot) - INFO - Instabot version: 0.117.0 Started
2020-11-03 02:08:13,119 - instabot version: 0.117.0 (bot) - DEBUG - Bot imported from /home/alessandro/Github/SocialsDelivery/venv/lib/python3.8/site-packages/instabot/bot/bot.py
2020-11-03 02:08:13,120 - instabot version: 0.117.0 (api_login) - DEBUG - Loading uuids
2020-11-03 02:08:13,120 - instabot version: 0.117.0 (api_login) - INFO - Recovery from /home/alessandro/Github/SocialsDelivery/config/pointerpodcast_uuid_and_cookie.json: COOKIE False - UUIDs True - TIMING, DEVICE and ...
- user-agent=Instagram 117.0.0.28.123 Android (28/9.0; 420dpi; 1080x1920; OnePlus; ONEPLUS A3003; OnePlus3; qcom; en_US; 180322800)
- phone_id=5930219e-2058-40c6-bd5e-89d1b3c4574d
- uuid=b633e0f3-e3bb-409c-8390-c7fe50a8f211
- client_session_id=4bee4e68-7aa8-4d2c-bcd3-da95e385bddc
- device_id=android-3a990627032d92c4
2020-11-03 02:08:13,120 - instabot version: 0.117.0 (api_login) - INFO - Not yet logged in starting: PRE-LOGIN FLOW!
2020-11-03 02:08:13,699 - instabot version: 0.117.0 (api) - DEBUG - POST to endpoint: accounts/get_prefill_candidates/ returned response: <Response [200]>
2020-11-03 02:08:13,957 - instabot version: 0.117.0 (api) - DEBUG - POST to endpoint: qe/sync/ returned response: <Response [200]>
2020-11-03 02:08:14,206 - instabot version: 0.117.0 (api) - DEBUG - POST to endpoint: launcher/sync/ returned response: <Response [200]>
2020-11-03 02:08:14,454 - instabot version: 0.117.0 (api) - DEBUG - POST to endpoint: accounts/contact_point_prefill/ returned response: <Response [200]>
2020-11-03 02:08:16,456 - instabot version: 0.117.0 (api) - DEBUG - POST to endpoint: accounts/login/ returned response: <Response [200]>
2020-11-03 02:08:16,456 - instabot version: 0.117.0 (api) - INFO - Logged-in successfully as 'pointerpodcast'!
2020-11-03 02:08:16,457 - instabot version: 0.117.0 (api_login) - INFO - LOGIN FLOW! Just logged-in: True
2020-11-03 02:08:16,731 - instabot version: 0.117.0 (api) - DEBUG - POST to endpoint: qe/sync/ returned response: <Response [200]>
2020-11-03 02:08:16,994 - instabot version: 0.117.0 (api) - DEBUG - POST to endpoint: launcher/sync/ returned response: <Response [200]>
2020-11-03 02:08:17,239 - instabot version: 0.117.0 (api) - DEBUG - GET to endpoint: zr/token/result/?device_id=android-3a990627032d92c4&token_hash=&custom_device_id=android-3a990627032d92c4&fetch_reason=token_expired returned response: <Response [200]>
2020-11-03 02:08:17,493 - instabot version: 0.117.0 (api) - DEBUG - GET to endpoint: multiple_accounts/get_account_family/ returned response: <Response [200]>
2020-11-03 02:08:17,754 - instabot version: 0.117.0 (api) - DEBUG - POST to endpoint: qe/sync/ returned response: <Response [200]>
2020-11-03 02:08:18,410 - instabot version: 0.117.0 (api) - DEBUG - GET to endpoint: igtv/browse_feed/?prefetch=1 returned response: <Response [200]>
2020-11-03 02:08:18,713 - instabot version: 0.117.0 (api) - DEBUG - POST to endpoint: creatives/ar_class/ returned response: <Response [200]>
2020-11-03 02:08:19,530 - instabot version: 0.117.0 (api) - DEBUG - POST to endpoint: feed/reels_tray/ returned response: <Response [200]>
2020-11-03 02:08:20,811 - instabot version: 0.117.0 (api) - DEBUG - POST to endpoint: feed/timeline/ returned response: <Response [200]>
2020-11-03 02:08:21,051 - instabot version: 0.117.0 (api) - DEBUG - GET to endpoint: media/blocked/ returned response: <Response [200]>
2020-11-03 02:08:21,703 - instabot version: 0.117.0 (api) - DEBUG - GET to endpoint: news/inbox/ returned response: <Response [200]>
2020-11-03 02:08:21,962 - instabot version: 0.117.0 (api) - DEBUG - GET to endpoint: loom/fetch_config/ returned response: <Response [200]>
2020-11-03 02:08:22,438 - instabot version: 0.117.0 (api) - DEBUG - GET to endpoint: scores/bootstrap/users/?surfaces=["autocomplete_user_list","coefficient_besties_list_ranking","coefficient_rank_recipient_user_suggestion","coefficient_ios_section_test_bootstrap_ranking","coefficient_direct_recipients_ranking_variant_2"] returned response: <Response [200]>
2020-11-03 02:08:22,693 - instabot version: 0.117.0 (api) - DEBUG - GET to endpoint: business/eligibility/get_monetization_products_eligibility_data/?product_types=branded_content returned response: <Response [200]>
2020-11-03 02:08:22,944 - instabot version: 0.117.0 (api) - DEBUG - GET to endpoint: business/branded_content/should_require_professional_account/ returned response: <Response [200]>
2020-11-03 02:08:23,661 - instabot version: 0.117.0 (api) - DEBUG - GET to endpoint: linked_accounts/get_linkage_status/ returned response: <Response [200]>
2020-11-03 02:08:23,934 - instabot version: 0.117.0 (api) - DEBUG - GET to endpoint: locations/request_country/ returned response: <Response [200]>
2020-11-03 02:08:24,199 - instabot version: 0.117.0 (api) - DEBUG - GET to endpoint: qp/get_cooldowns/?signed_body=signed_body=4b9c516a5410a3bc128e09c6104a7f042146b9c2023870560c63a43a7f66781c.4&ig_sig_key_version=4&ig_sig_key_version=4 returned response: <Response [200]>
2020-11-03 02:08:24,489 - instabot version: 0.117.0 (api) - DEBUG - GET to endpoint: users/arlink_download_info/?version_override=2.2.1 returned response: <Response [200]>
2020-11-03 02:08:25,738 - instabot version: 0.117.0 (api) - DEBUG - GET to endpoint: users/13629439568/info/ returned response: <Response [200]>
2020-11-03 02:08:26,299 - instabot version: 0.117.0 (api) - DEBUG - GET to endpoint: direct_v2/get_presence/ returned response: <Response [200]>
2020-11-03 02:08:27,769 - instabot version: 0.117.0 (api) - DEBUG - GET to endpoint: direct_v2/inbox/?visual_message_return_type=unseen&thread_message_limit=10&persistentBadging=true&limit=20 returned response: <Response [200]>
2020-11-03 02:08:28,073 - instabot version: 0.117.0 (api) - DEBUG - GET to endpoint: direct_v2/inbox/?visual_message_return_type=unseen&persistentBadging=true&limit=0 returned response: <Response [200]>
2020-11-03 02:08:29,077 - instabot version: 0.117.0 (api) - DEBUG - GET to endpoint: discover/topical_explore/?is_prefetch=true&omit_cover_media=true&use_sectional_payload=true&timezone_offset=0&session_id=4bee4e68-7aa8-4d2c-bcd3-da95e385bddc&include_fixed_destinations=true returned response: <Response [200]>
2020-11-03 02:08:30,445 - instabot version: 0.117.0 (api) - DEBUG - POST to endpoint: notifications/badge/ returned response: <Response [200]>
2020-11-03 02:08:30,801 - instabot version: 0.117.0 (api) - DEBUG - POST to endpoint: qp/batch_fetch/ returned response: <Response [200]>
2020-11-03 02:08:30,802 - instabot version: 0.117.0 (bot_checkpoint) - DEBUG - Loading Checkpoint file from: /home/alessandro/Github/SocialsDelivery/config/pointerpodcast.checkpoint
2020-11-03 02:09:43,993 - instabot version: 0.117.0 (bot_checkpoint) - DEBUG - Saving Checkpoint file to: /home/alessandro/Github/SocialsDelivery/config/pointerpodcast.checkpoint
2020-11-03 02:09:43,994 - instabot version: 0.117.0 (bot) - INFO - Total requests: 57
