2020-11-03 14:22:00,247 - instabot version: 0.117.0 (bot) - INFO - Instabot version: 0.117.0 Started
2020-11-03 14:22:00,248 - instabot version: 0.117.0 (bot) - DEBUG - Bot imported from /home/alessandro/SocialsDelivery/venv/lib/python3.8/site-packages/instabot/bot/bot.py
2020-11-03 14:22:00,248 - instabot version: 0.117.0 (api_login) - DEBUG - Loading uuids
2020-11-03 14:22:00,248 - instabot version: 0.117.0 (api_login) - INFO - Recovery from /home/alessandro/SocialsDelivery/config/pointerpodcast_uuid_and_cookie.json: COOKIE False - UUIDs True - TIMING, DEVICE and ...
- user-agent=Instagram 117.0.0.28.123 Android (28/9.0; 420dpi; 1080x1920; OnePlus; ONEPLUS A3003; OnePlus3; qcom; en_US; 180322800)
- phone_id=bfa516aa-2ebe-421e-89fe-b0034df92ea3
- uuid=69483143-810b-43bd-8cb5-85858a1a6216
- client_session_id=345b88c2-734a-4ab9-be0e-5bcea5f13d19
- device_id=android-3a990627032d92c4
2020-11-03 14:22:00,248 - instabot version: 0.117.0 (api_login) - INFO - Not yet logged in starting: PRE-LOGIN FLOW!
2020-11-03 14:22:00,441 - instabot version: 0.117.0 (api) - DEBUG - POST to endpoint: accounts/get_prefill_candidates/ returned response: <Response [200]>
2020-11-03 14:22:00,614 - instabot version: 0.117.0 (api) - DEBUG - POST to endpoint: qe/sync/ returned response: <Response [200]>
2020-11-03 14:22:00,775 - instabot version: 0.117.0 (api) - DEBUG - POST to endpoint: launcher/sync/ returned response: <Response [200]>
2020-11-03 14:22:00,933 - instabot version: 0.117.0 (api) - DEBUG - POST to endpoint: accounts/contact_point_prefill/ returned response: <Response [200]>
2020-11-03 14:22:02,780 - instabot version: 0.117.0 (api) - DEBUG - POST to endpoint: accounts/login/ returned response: <Response [200]>
2020-11-03 14:22:02,780 - instabot version: 0.117.0 (api) - INFO - Logged-in successfully as 'pointerpodcast'!
2020-11-03 14:22:02,780 - instabot version: 0.117.0 (api_login) - INFO - LOGIN FLOW! Just logged-in: True
2020-11-03 14:22:02,995 - instabot version: 0.117.0 (api) - DEBUG - POST to endpoint: qe/sync/ returned response: <Response [200]>
2020-11-03 14:22:03,290 - instabot version: 0.117.0 (api) - DEBUG - POST to endpoint: launcher/sync/ returned response: <Response [200]>
2020-11-03 14:22:03,481 - instabot version: 0.117.0 (api) - DEBUG - GET to endpoint: zr/token/result/?device_id=android-3a990627032d92c4&token_hash=&custom_device_id=android-3a990627032d92c4&fetch_reason=token_expired returned response: <Response [200]>
2020-11-03 14:22:03,665 - instabot version: 0.117.0 (api) - DEBUG - GET to endpoint: multiple_accounts/get_account_family/ returned response: <Response [200]>
2020-11-03 14:22:03,874 - instabot version: 0.117.0 (api) - DEBUG - POST to endpoint: qe/sync/ returned response: <Response [200]>
2020-11-03 14:22:04,396 - instabot version: 0.117.0 (api) - DEBUG - GET to endpoint: igtv/browse_feed/?prefetch=1 returned response: <Response [200]>
2020-11-03 14:22:04,604 - instabot version: 0.117.0 (api) - DEBUG - POST to endpoint: creatives/ar_class/ returned response: <Response [200]>
2020-11-03 14:22:05,081 - instabot version: 0.117.0 (api) - DEBUG - POST to endpoint: feed/reels_tray/ returned response: <Response [200]>
2020-11-03 14:22:06,761 - instabot version: 0.117.0 (api) - DEBUG - POST to endpoint: feed/timeline/ returned response: <Response [200]>
2020-11-03 14:22:06,948 - instabot version: 0.117.0 (api) - DEBUG - GET to endpoint: media/blocked/ returned response: <Response [200]>
2020-11-03 14:22:07,589 - instabot version: 0.117.0 (api) - DEBUG - GET to endpoint: news/inbox/ returned response: <Response [200]>
2020-11-03 14:22:07,841 - instabot version: 0.117.0 (api) - DEBUG - GET to endpoint: loom/fetch_config/ returned response: <Response [200]>
2020-11-03 14:22:08,135 - instabot version: 0.117.0 (api) - DEBUG - GET to endpoint: scores/bootstrap/users/?surfaces=["autocomplete_user_list","coefficient_besties_list_ranking","coefficient_rank_recipient_user_suggestion","coefficient_ios_section_test_bootstrap_ranking","coefficient_direct_recipients_ranking_variant_2"] returned response: <Response [200]>
2020-11-03 14:22:08,345 - instabot version: 0.117.0 (api) - DEBUG - GET to endpoint: business/eligibility/get_monetization_products_eligibility_data/?product_types=branded_content returned response: <Response [200]>
2020-11-03 14:22:08,524 - instabot version: 0.117.0 (api) - DEBUG - GET to endpoint: business/branded_content/should_require_professional_account/ returned response: <Response [200]>
2020-11-03 14:22:09,224 - instabot version: 0.117.0 (api) - DEBUG - GET to endpoint: linked_accounts/get_linkage_status/ returned response: <Response [200]>
2020-11-03 14:22:09,445 - instabot version: 0.117.0 (api) - DEBUG - GET to endpoint: locations/request_country/ returned response: <Response [200]>
2020-11-03 14:22:09,633 - instabot version: 0.117.0 (api) - DEBUG - GET to endpoint: qp/get_cooldowns/?signed_body=signed_body=4b9c516a5410a3bc128e09c6104a7f042146b9c2023870560c63a43a7f66781c.4&ig_sig_key_version=4&ig_sig_key_version=4 returned response: <Response [200]>
2020-11-03 14:22:09,814 - instabot version: 0.117.0 (api) - DEBUG - GET to endpoint: users/arlink_download_info/?version_override=2.2.1 returned response: <Response [200]>
2020-11-03 14:22:10,434 - instabot version: 0.117.0 (api) - DEBUG - GET to endpoint: users/13629439568/info/ returned response: <Response [200]>
2020-11-03 14:22:10,897 - instabot version: 0.117.0 (api) - DEBUG - GET to endpoint: direct_v2/get_presence/ returned response: <Response [200]>
2020-11-03 14:22:12,313 - instabot version: 0.117.0 (api) - DEBUG - GET to endpoint: direct_v2/inbox/?visual_message_return_type=unseen&thread_message_limit=10&persistentBadging=true&limit=20 returned response: <Response [200]>
2020-11-03 14:22:12,517 - instabot version: 0.117.0 (api) - DEBUG - GET to endpoint: direct_v2/inbox/?visual_message_return_type=unseen&persistentBadging=true&limit=0 returned response: <Response [200]>
2020-11-03 14:22:12,809 - instabot version: 0.117.0 (api) - DEBUG - GET to endpoint: discover/topical_explore/?is_prefetch=true&omit_cover_media=true&use_sectional_payload=true&timezone_offset=0&session_id=345b88c2-734a-4ab9-be0e-5bcea5f13d19&include_fixed_destinations=true returned response: <Response [200]>
2020-11-03 14:22:13,009 - instabot version: 0.117.0 (api) - DEBUG - POST to endpoint: notifications/badge/ returned response: <Response [200]>
2020-11-03 14:22:14,569 - instabot version: 0.117.0 (api) - DEBUG - POST to endpoint: qp/batch_fetch/ returned response: <Response [200]>
2020-11-03 14:22:14,570 - instabot version: 0.117.0 (bot_checkpoint) - DEBUG - Loading Checkpoint file from: /home/alessandro/SocialsDelivery/config/pointerpodcast.checkpoint
2020-11-03 14:22:33,416 - instabot version: 0.117.0 (bot_checkpoint) - DEBUG - Saving Checkpoint file to: /home/alessandro/SocialsDelivery/config/pointerpodcast.checkpoint
2020-11-03 14:22:33,417 - instabot version: 0.117.0 (bot) - INFO - Total requests: 31
