2020-10-28 22:57:22,979 - instabot version: 0.117.0 (bot) - INFO - Instabot version: 0.117.0 Started
2020-10-28 22:57:22,980 - instabot version: 0.117.0 (bot) - DEBUG - Bot imported from /home/alessandro/Github/SocialsDelivery/venv/lib/python3.8/site-packages/instabot/bot/bot.py
2020-10-28 22:57:22,980 - instabot version: 0.117.0 (api_login) - DEBUG - Loading cookies
2020-10-28 22:57:22,980 - instabot version: 0.117.0 (api_login) - DEBUG - Loading uuids
2020-10-28 22:57:22,980 - instabot version: 0.117.0 (api_login) - INFO - Recovery from /home/alessandro/Github/SocialsDelivery/config/pointerpodcast_uuid_and_cookie.json: COOKIE True - UUIDs True - TIMING, DEVICE and ...
- user-agent=Instagram 117.0.0.28.123 Android (28/9.0; 420dpi; 1080x1920; OnePlus; ONEPLUS A3003; OnePlus3; qcom; en_US; 180322800)
- phone_id=5930219e-2058-40c6-bd5e-89d1b3c4574d
- uuid=b633e0f3-e3bb-409c-8390-c7fe50a8f211
- client_session_id=fa23352f-aadf-4aca-9b10-b83496f24cd7
- device_id=android-3a990627032d92c4
2020-10-28 22:57:22,980 - instabot version: 0.117.0 (api_login) - INFO - LOGIN FLOW! Just logged-in: False
2020-10-28 22:57:24,556 - instabot version: 0.117.0 (api) - DEBUG - POST to endpoint: feed/timeline/ returned response: <Response [200]>
2020-10-28 22:57:25,038 - instabot version: 0.117.0 (api) - DEBUG - POST to endpoint: feed/reels_tray/ returned response: <Response [200]>
2020-10-28 22:57:25,038 - instabot version: 0.117.0 (api) - INFO - Logged-in successfully as 'pointerpodcast'!
2020-10-28 22:57:25,038 - instabot version: 0.117.0 (bot_checkpoint) - DEBUG - Loading Checkpoint file from: /home/alessandro/Github/SocialsDelivery/config/pointerpodcast.checkpoint
2020-10-28 22:57:45,203 - instabot version: 0.117.0 (api) - DEBUG - POST to endpoint: media/configure/? returned response: <Response [200]>
2020-10-28 22:57:45,466 - instabot version: 0.117.0 (api) - DEBUG - POST to endpoint: qe/expose/ returned response: <Response [200]>
2020-10-28 22:57:45,466 - instabot version: 0.117.0 (bot_photo) - INFO - Photo '/home/alessandro/Github/SocialsDelivery/episodes/0/cover_0.jpg' is uploaded.
2020-10-28 22:57:45,466 - instabot version: 0.117.0 (bot_checkpoint) - DEBUG - Saving Checkpoint file to: /home/alessandro/Github/SocialsDelivery/config/pointerpodcast.checkpoint
2020-10-28 22:57:45,467 - instabot version: 0.117.0 (bot) - INFO - Total requests: 45
